<?xml version="1.0" encoding="UTF-8" ?>
<testsuite failures="0" time="0.048" errors="0" skipped="0" tests="3" name="com.enterprise.crm.common.QueryParametersTest">
  <properties>
    <property name="java.runtime.name" value="Java(TM) SE Runtime Environment"/>
    <property name="sun.boot.library.path" value="C:\Program Files\Java\jdk1.7.0_07\jre\bin"/>
    <property name="java.vm.version" value="23.3-b01"/>
    <property name="java.vm.vendor" value="Oracle Corporation"/>
    <property name="java.vendor.url" value="http://java.oracle.com/"/>
    <property name="path.separator" value=";"/>
    <property name="java.vm.name" value="Java HotSpot(TM) 64-Bit Server VM"/>
    <property name="file.encoding.pkg" value="sun.io"/>
    <property name="user.script" value=""/>
    <property name="user.country" value="GB"/>
    <property name="sun.java.launcher" value="SUN_STANDARD"/>
    <property name="sun.os.patch.level" value="Service Pack 1"/>
    <property name="java.vm.specification.name" value="Java Virtual Machine Specification"/>
    <property name="user.dir" value="C:\Users\user\Documents\NetBeansProjects\crabbeo-EarleCRM-03b51a6\earle-crm-web"/>
    <property name="java.runtime.version" value="1.7.0_07-b11"/>
    <property name="netbeans.deploy" value="true"/>
    <property name="java.awt.graphicsenv" value="sun.awt.Win32GraphicsEnvironment"/>
    <property name="basedir" value="C:\Users\user\Documents\NetBeansProjects\crabbeo-EarleCRM-03b51a6\earle-crm-web"/>
    <property name="java.endorsed.dirs" value="C:\Program Files\Java\jdk1.7.0_07\jre\lib\endorsed"/>
    <property name="os.arch" value="amd64"/>
    <property name="surefire.real.class.path" value="C:\Users\user\Documents\NetBeansProjects\crabbeo-EarleCRM-03b51a6\earle-crm-web\target\surefire\surefirebooter7070828591243392635.jar"/>
    <property name="java.io.tmpdir" value="C:\Users\user\AppData\Local\Temp\"/>
    <property name="line.separator" value="
"/>
    <property name="java.vm.specification.vendor" value="Oracle Corporation"/>
    <property name="user.variant" value=""/>
    <property name="os.name" value="Windows 7"/>
    <property name="sun.jnu.encoding" value="Cp1252"/>
    <property name="java.library.path" value="C:\Program Files\Java\jdk1.7.0_07\jre\bin;C:\Windows\Sun\Java\bin;C:\Windows\system32;C:\Windows;C:\Program Files (x86)\Intel\iCLS Client\;C:\Program Files\Intel\iCLS Client\;C:\Windows\system32;C:\Windows;C:\Windows\System32\Wbem;C:\Windows\System32\WindowsPowerShell\v1.0\;C:\Program Files (x86)\Intel\OpenCL SDK\1.5\bin\x86;C:\Program Files (x86)\Intel\OpenCL SDK\1.5\bin\x64;C:\Program Files\Intel\Intel(R) Management Engine Components\DAL;C:\Program Files\Intel\Intel(R) Management Engine Components\IPT;C:\Program Files (x86)\Intel\Intel(R) Management Engine Components\DAL;C:\Program Files (x86)\Intel\Intel(R) Management Engine Components\IPT;."/>
    <property name="surefire.test.class.path" value="C:\Users\user\Documents\NetBeansProjects\crabbeo-EarleCRM-03b51a6\earle-crm-web\target\test-classes;C:\Users\user\Documents\NetBeansProjects\crabbeo-EarleCRM-03b51a6\earle-crm-web\target\classes;C:\Users\user\.m2\repository\org\glassfish\extras\glassfish-embedded-all\3.1.1\glassfish-embedded-all-3.1.1.jar;C:\Users\user\.m2\repository\org\jboss\weld\weld-core\1.1.1.Final\weld-core-1.1.1.Final.jar;C:\Users\user\.m2\repository\javax\enterprise\cdi-api\1.0-SP4\cdi-api-1.0-SP4.jar;C:\Users\user\.m2\repository\javax\inject\javax.inject\1\javax.inject-1.jar;C:\Users\user\.m2\repository\org\jboss\weld\weld-api\1.1.Final\weld-api-1.1.Final.jar;C:\Users\user\.m2\repository\org\jboss\weld\weld-spi\1.1.Final\weld-spi-1.1.Final.jar;C:\Users\user\.m2\repository\javax\annotation\jsr250-api\1.0\jsr250-api-1.0.jar;C:\Users\user\.m2\repository\org\javassist\javassist\3.14.0-GA\javassist-3.14.0-GA.jar;C:\Users\user\.m2\repository\com\google\guava\guava\r06\guava-r06.jar;C:\Users\user\.m2\repository\org\jboss\spec\javax\interceptor\jboss-interceptors-api_1.1_spec\1.0.0.Beta1\jboss-interceptors-api_1.1_spec-1.0.0.Beta1.jar;C:\Users\user\.m2\repository\org\jboss\interceptor\jboss-interceptor-spi\2.0.0.CR1\jboss-interceptor-spi-2.0.0.CR1.jar;C:\Users\user\.m2\repository\org\jboss\interceptor\jboss-interceptor-core\2.0.0.CR1\jboss-interceptor-core-2.0.0.CR1.jar;C:\Users\user\.m2\repository\org\slf4j\slf4j-ext\1.5.10\slf4j-ext-1.5.10.jar;C:\Users\user\.m2\repository\ch\qos\cal10n\cal10n-api\0.7.2\cal10n-api-0.7.2.jar;C:\Users\user\.m2\repository\org\jboss\weld\se\weld-se\1.1.1.Final\weld-se-1.1.1.Final.jar;C:\Users\user\.m2\repository\com\sun\jersey\jersey-client\1.9.1\jersey-client-1.9.1.jar;C:\Users\user\.m2\repository\com\sun\jersey\jersey-core\1.9.1\jersey-core-1.9.1.jar;C:\Users\user\.m2\repository\dom4j\dom4j\1.6.1\dom4j-1.6.1.jar;C:\Users\user\.m2\repository\xml-apis\xml-apis\1.0.b2\xml-apis-1.0.b2.jar;C:\Users\user\.m2\repository\commons-httpclient\commons-httpclient\3.1\commons-httpclient-3.1.jar;C:\Users\user\.m2\repository\commons-logging\commons-logging\1.0.4\commons-logging-1.0.4.jar;C:\Users\user\.m2\repository\commons-codec\commons-codec\1.2\commons-codec-1.2.jar;C:\Users\user\.m2\repository\org\hibernate\hibernate-entitymanager\3.5.1-Final\hibernate-entitymanager-3.5.1-Final.jar;C:\Users\user\.m2\repository\org\hibernate\hibernate-core\3.5.1-Final\hibernate-core-3.5.1-Final.jar;C:\Users\user\.m2\repository\antlr\antlr\2.7.6\antlr-2.7.6.jar;C:\Users\user\.m2\repository\javax\transaction\jta\1.1\jta-1.1.jar;C:\Users\user\.m2\repository\org\hibernate\hibernate-annotations\3.5.1-Final\hibernate-annotations-3.5.1-Final.jar;C:\Users\user\.m2\repository\org\hibernate\hibernate-commons-annotations\3.2.0.Final\hibernate-commons-annotations-3.2.0.Final.jar;C:\Users\user\.m2\repository\cglib\cglib\2.2\cglib-2.2.jar;C:\Users\user\.m2\repository\asm\asm\3.1\asm-3.1.jar;C:\Users\user\.m2\repository\javassist\javassist\3.9.0.GA\javassist-3.9.0.GA.jar;C:\Users\user\.m2\repository\org\hibernate\javax\persistence\hibernate-jpa-2.0-api\1.0.0.Final\hibernate-jpa-2.0-api-1.0.0.Final.jar;C:\Users\user\.m2\repository\org\slf4j\slf4j-simple\1.5.8\slf4j-simple-1.5.8.jar;C:\Users\user\.m2\repository\javax\validation\validation-api\1.0.0.GA\validation-api-1.0.0.GA.jar;C:\Users\user\.m2\repository\javax\faces\jsf-api\2.0\jsf-api-2.0.jar;C:\Users\user\.m2\repository\javax\faces\jsf-impl\2.0.0-RC\jsf-impl-2.0.0-RC.jar;C:\Users\user\.m2\repository\javax\servlet\jstl\1.2\jstl-1.2.jar;C:\Users\user\.m2\repository\commons-lang\commons-lang\2.6\commons-lang-2.6.jar;C:\Users\user\.m2\repository\org\slf4j\slf4j-api\1.5.6\slf4j-api-1.5.6.jar;C:\Users\user\.m2\repository\org\slf4j\slf4j-log4j12\1.5.6\slf4j-log4j12-1.5.6.jar;C:\Users\user\.m2\repository\log4j\log4j\1.2.14\log4j-1.2.14.jar;C:\Users\user\.m2\repository\org\primefaces\themes\cupertino\1.0.6\cupertino-1.0.6.jar;C:\Users\user\.m2\repository\org\primefaces\primefaces\3.4\primefaces-3.4.jar;C:\Users\user\.m2\repository\org\dbunit\dbunit\2.4.8\dbunit-2.4.8.jar;C:\Users\user\.m2\repository\commons-collections\commons-collections\3.2.1\commons-collections-3.2.1.jar;C:\Users\user\.m2\repository\org\mockito\mockito-all\1.8.5\mockito-all-1.8.5.jar;C:\Users\user\.m2\repository\javax\javaee-api\6.0\javaee-api-6.0.jar;C:\Users\user\.m2\repository\junit\junit\4.8.2\junit-4.8.2.jar;C:\Users\user\.m2\repository\org\powermock\powermock-module-junit4\1.4.10\powermock-module-junit4-1.4.10.jar;C:\Users\user\.m2\repository\org\powermock\powermock-module-junit4-common\1.4.10\powermock-module-junit4-common-1.4.10.jar;C:\Users\user\.m2\repository\org\powermock\powermock-core\1.4.10\powermock-core-1.4.10.jar;C:\Users\user\.m2\repository\org\powermock\powermock-reflect\1.4.10\powermock-reflect-1.4.10.jar;C:\Users\user\.m2\repository\org\objenesis\objenesis\1.2\objenesis-1.2.jar;C:\Users\user\.m2\repository\org\powermock\powermock-api-mockito\1.4.10\powermock-api-mockito-1.4.10.jar;C:\Users\user\.m2\repository\org\powermock\powermock-api-support\1.4.10\powermock-api-support-1.4.10.jar;"/>
    <property name="java.specification.name" value="Java Platform API Specification"/>
    <property name="java.class.version" value="51.0"/>
    <property name="sun.management.compiler" value="HotSpot 64-Bit Tiered Compilers"/>
    <property name="os.version" value="6.1"/>
    <property name="user.home" value="C:\Users\user"/>
    <property name="user.timezone" value=""/>
    <property name="java.awt.printerjob" value="sun.awt.windows.WPrinterJob"/>
    <property name="java.specification.version" value="1.7"/>
    <property name="file.encoding" value="Cp1252"/>
    <property name="user.name" value="user"/>
    <property name="java.class.path" value="C:\Users\user\Documents\NetBeansProjects\crabbeo-EarleCRM-03b51a6\earle-crm-web\target\test-classes;C:\Users\user\Documents\NetBeansProjects\crabbeo-EarleCRM-03b51a6\earle-crm-web\target\classes;C:\Users\user\.m2\repository\org\glassfish\extras\glassfish-embedded-all\3.1.1\glassfish-embedded-all-3.1.1.jar;C:\Users\user\.m2\repository\org\jboss\weld\weld-core\1.1.1.Final\weld-core-1.1.1.Final.jar;C:\Users\user\.m2\repository\javax\enterprise\cdi-api\1.0-SP4\cdi-api-1.0-SP4.jar;C:\Users\user\.m2\repository\javax\inject\javax.inject\1\javax.inject-1.jar;C:\Users\user\.m2\repository\org\jboss\weld\weld-api\1.1.Final\weld-api-1.1.Final.jar;C:\Users\user\.m2\repository\org\jboss\weld\weld-spi\1.1.Final\weld-spi-1.1.Final.jar;C:\Users\user\.m2\repository\javax\annotation\jsr250-api\1.0\jsr250-api-1.0.jar;C:\Users\user\.m2\repository\org\javassist\javassist\3.14.0-GA\javassist-3.14.0-GA.jar;C:\Users\user\.m2\repository\com\google\guava\guava\r06\guava-r06.jar;C:\Users\user\.m2\repository\org\jboss\spec\javax\interceptor\jboss-interceptors-api_1.1_spec\1.0.0.Beta1\jboss-interceptors-api_1.1_spec-1.0.0.Beta1.jar;C:\Users\user\.m2\repository\org\jboss\interceptor\jboss-interceptor-spi\2.0.0.CR1\jboss-interceptor-spi-2.0.0.CR1.jar;C:\Users\user\.m2\repository\org\jboss\interceptor\jboss-interceptor-core\2.0.0.CR1\jboss-interceptor-core-2.0.0.CR1.jar;C:\Users\user\.m2\repository\org\slf4j\slf4j-ext\1.5.10\slf4j-ext-1.5.10.jar;C:\Users\user\.m2\repository\ch\qos\cal10n\cal10n-api\0.7.2\cal10n-api-0.7.2.jar;C:\Users\user\.m2\repository\org\jboss\weld\se\weld-se\1.1.1.Final\weld-se-1.1.1.Final.jar;C:\Users\user\.m2\repository\com\sun\jersey\jersey-client\1.9.1\jersey-client-1.9.1.jar;C:\Users\user\.m2\repository\com\sun\jersey\jersey-core\1.9.1\jersey-core-1.9.1.jar;C:\Users\user\.m2\repository\dom4j\dom4j\1.6.1\dom4j-1.6.1.jar;C:\Users\user\.m2\repository\xml-apis\xml-apis\1.0.b2\xml-apis-1.0.b2.jar;C:\Users\user\.m2\repository\commons-httpclient\commons-httpclient\3.1\commons-httpclient-3.1.jar;C:\Users\user\.m2\repository\commons-logging\commons-logging\1.0.4\commons-logging-1.0.4.jar;C:\Users\user\.m2\repository\commons-codec\commons-codec\1.2\commons-codec-1.2.jar;C:\Users\user\.m2\repository\org\hibernate\hibernate-entitymanager\3.5.1-Final\hibernate-entitymanager-3.5.1-Final.jar;C:\Users\user\.m2\repository\org\hibernate\hibernate-core\3.5.1-Final\hibernate-core-3.5.1-Final.jar;C:\Users\user\.m2\repository\antlr\antlr\2.7.6\antlr-2.7.6.jar;C:\Users\user\.m2\repository\javax\transaction\jta\1.1\jta-1.1.jar;C:\Users\user\.m2\repository\org\hibernate\hibernate-annotations\3.5.1-Final\hibernate-annotations-3.5.1-Final.jar;C:\Users\user\.m2\repository\org\hibernate\hibernate-commons-annotations\3.2.0.Final\hibernate-commons-annotations-3.2.0.Final.jar;C:\Users\user\.m2\repository\cglib\cglib\2.2\cglib-2.2.jar;C:\Users\user\.m2\repository\asm\asm\3.1\asm-3.1.jar;C:\Users\user\.m2\repository\javassist\javassist\3.9.0.GA\javassist-3.9.0.GA.jar;C:\Users\user\.m2\repository\org\hibernate\javax\persistence\hibernate-jpa-2.0-api\1.0.0.Final\hibernate-jpa-2.0-api-1.0.0.Final.jar;C:\Users\user\.m2\repository\org\slf4j\slf4j-simple\1.5.8\slf4j-simple-1.5.8.jar;C:\Users\user\.m2\repository\javax\validation\validation-api\1.0.0.GA\validation-api-1.0.0.GA.jar;C:\Users\user\.m2\repository\javax\faces\jsf-api\2.0\jsf-api-2.0.jar;C:\Users\user\.m2\repository\javax\faces\jsf-impl\2.0.0-RC\jsf-impl-2.0.0-RC.jar;C:\Users\user\.m2\repository\javax\servlet\jstl\1.2\jstl-1.2.jar;C:\Users\user\.m2\repository\commons-lang\commons-lang\2.6\commons-lang-2.6.jar;C:\Users\user\.m2\repository\org\slf4j\slf4j-api\1.5.6\slf4j-api-1.5.6.jar;C:\Users\user\.m2\repository\org\slf4j\slf4j-log4j12\1.5.6\slf4j-log4j12-1.5.6.jar;C:\Users\user\.m2\repository\log4j\log4j\1.2.14\log4j-1.2.14.jar;C:\Users\user\.m2\repository\org\primefaces\themes\cupertino\1.0.6\cupertino-1.0.6.jar;C:\Users\user\.m2\repository\org\primefaces\primefaces\3.4\primefaces-3.4.jar;C:\Users\user\.m2\repository\org\dbunit\dbunit\2.4.8\dbunit-2.4.8.jar;C:\Users\user\.m2\repository\commons-collections\commons-collections\3.2.1\commons-collections-3.2.1.jar;C:\Users\user\.m2\repository\org\mockito\mockito-all\1.8.5\mockito-all-1.8.5.jar;C:\Users\user\.m2\repository\javax\javaee-api\6.0\javaee-api-6.0.jar;C:\Users\user\.m2\repository\junit\junit\4.8.2\junit-4.8.2.jar;C:\Users\user\.m2\repository\org\powermock\powermock-module-junit4\1.4.10\powermock-module-junit4-1.4.10.jar;C:\Users\user\.m2\repository\org\powermock\powermock-module-junit4-common\1.4.10\powermock-module-junit4-common-1.4.10.jar;C:\Users\user\.m2\repository\org\powermock\powermock-core\1.4.10\powermock-core-1.4.10.jar;C:\Users\user\.m2\repository\org\powermock\powermock-reflect\1.4.10\powermock-reflect-1.4.10.jar;C:\Users\user\.m2\repository\org\objenesis\objenesis\1.2\objenesis-1.2.jar;C:\Users\user\.m2\repository\org\powermock\powermock-api-mockito\1.4.10\powermock-api-mockito-1.4.10.jar;C:\Users\user\.m2\repository\org\powermock\powermock-api-support\1.4.10\powermock-api-support-1.4.10.jar;"/>
    <property name="java.vm.specification.version" value="1.7"/>
    <property name="sun.arch.data.model" value="64"/>
    <property name="java.home" value="C:\Program Files\Java\jdk1.7.0_07\jre"/>
    <property name="sun.java.command" value="C:\Users\user\Documents\NetBeansProjects\crabbeo-EarleCRM-03b51a6\earle-crm-web\target\surefire\surefirebooter7070828591243392635.jar C:\Users\user\Documents\NetBeansProjects\crabbeo-EarleCRM-03b51a6\earle-crm-web\target\surefire\surefire8644755765365211678tmp C:\Users\user\Documents\NetBeansProjects\crabbeo-EarleCRM-03b51a6\earle-crm-web\target\surefire\surefire3073684364798631532tmp"/>
    <property name="java.specification.vendor" value="Oracle Corporation"/>
    <property name="user.language" value="en"/>
    <property name="awt.toolkit" value="sun.awt.windows.WToolkit"/>
    <property name="java.vm.info" value="mixed mode"/>
    <property name="java.version" value="1.7.0_07"/>
    <property name="java.ext.dirs" value="C:\Program Files\Java\jdk1.7.0_07\jre\lib\ext;C:\Windows\Sun\Java\lib\ext"/>
    <property name="sun.boot.class.path" value="C:\Program Files\Java\jdk1.7.0_07\jre\lib\resources.jar;C:\Program Files\Java\jdk1.7.0_07\jre\lib\rt.jar;C:\Program Files\Java\jdk1.7.0_07\jre\lib\sunrsasign.jar;C:\Program Files\Java\jdk1.7.0_07\jre\lib\jsse.jar;C:\Program Files\Java\jdk1.7.0_07\jre\lib\jce.jar;C:\Program Files\Java\jdk1.7.0_07\jre\lib\charsets.jar;C:\Program Files\Java\jdk1.7.0_07\jre\lib\jfr.jar;C:\Program Files\Java\jdk1.7.0_07\jre\classes"/>
    <property name="java.vendor" value="Oracle Corporation"/>
    <property name="localRepository" value="C:\Users\user\.m2\repository"/>
    <property name="file.separator" value="\"/>
    <property name="java.vendor.url.bug" value="http://bugreport.sun.com/bugreport/"/>
    <property name="sun.cpu.endian" value="little"/>
    <property name="sun.io.unicode.encoding" value="UnicodeLittle"/>
    <property name="sun.desktop" value="windows"/>
    <property name="sun.cpu.isalist" value="amd64"/>
  </properties>
  <testcase time="0.007" classname="com.enterprise.crm.common.QueryParametersTest" name="testAnd"/>
  <testcase time="0" classname="com.enterprise.crm.common.QueryParametersTest" name="testEntries"/>
  <testcase time="0" classname="com.enterprise.crm.common.QueryParametersTest" name="testWithParameters"/>
</testsuite>